0 info it worked if it ends with ok
1 verbose cli [ 'node', '/usr/local/bin/npm', 'install', '-g', 'express' ]
2 info using npm@1.4.28
3 info using node@v0.10.32
4 verbose cache add [ 'express', null ]
5 verbose cache add name=undefined spec="express" args=["express",null]
6 verbose parsed url { protocol: null,
6 verbose parsed url   slashes: null,
6 verbose parsed url   auth: null,
6 verbose parsed url   host: null,
6 verbose parsed url   port: null,
6 verbose parsed url   hostname: null,
6 verbose parsed url   hash: null,
6 verbose parsed url   search: null,
6 verbose parsed url   query: null,
6 verbose parsed url   pathname: 'express',
6 verbose parsed url   path: 'express',
6 verbose parsed url   href: 'express' }
7 silly lockFile f3c62de4-express express
8 verbose lock express /Users/alexcory/.npm/f3c62de4-express.lock
9 silly lockFile f3c62de4-express express
10 silly lockFile f3c62de4-express express
11 verbose addNamed [ 'express', '' ]
12 verbose addNamed [ null, '*' ]
13 silly lockFile 64a534c1-express express@
14 verbose lock express@ /Users/alexcory/.npm/64a534c1-express.lock
15 silly addNameRange { name: 'express', range: '*', hasData: false }
16 verbose request where is /express
17 verbose request registry https://registry.npmjs.org/
18 verbose request id a36487456c7d2518
19 verbose url raw /express
20 verbose url resolving [ 'https://registry.npmjs.org/', './express' ]
21 verbose url resolved https://registry.npmjs.org/express
22 verbose request where is https://registry.npmjs.org/express
23 info trying registry request attempt 1 at 19:25:12
24 verbose etag "6GESXL63U36TPWFIRZ6VV5VKK"
25 http GET https://registry.npmjs.org/express
26 http 304 https://registry.npmjs.org/express
27 silly registry.get cb [ 304,
27 silly registry.get   { date: 'Sun, 26 Oct 2014 02:25:12 GMT',
27 silly registry.get     server: 'Apache',
27 silly registry.get     via: '1.1 varnish',
27 silly registry.get     'last-modified': 'Sun, 26 Oct 2014 02:24:15 GMT',
27 silly registry.get     'cache-control': 'max-age=60',
27 silly registry.get     etag: '"6GESXL63U36TPWFIRZ6VV5VKK"',
27 silly registry.get     age: '57',
27 silly registry.get     'x-served-by': 'cache-sjc3121-SJC',
27 silly registry.get     'x-cache': 'HIT',
27 silly registry.get     'x-cache-hits': '2',
27 silly registry.get     'x-timer': 'S1414290312.558779,VS0,VE0',
27 silly registry.get     vary: 'Accept',
27 silly registry.get     'content-length': '0',
27 silly registry.get     'keep-alive': 'timeout=10, max=50',
27 silly registry.get     connection: 'Keep-Alive' } ]
28 verbose etag https://registry.npmjs.org/express from cache
29 silly addNameRange number 2 { name: 'express', range: '*', hasData: true }
30 silly addNameRange versions [ 'express',
30 silly addNameRange   [ '0.14.0',
30 silly addNameRange     '0.14.1',
30 silly addNameRange     '1.0.0',
30 silly addNameRange     '1.0.1',
30 silly addNameRange     '1.0.2',
30 silly addNameRange     '1.0.3',
30 silly addNameRange     '1.0.4',
30 silly addNameRange     '1.0.5',
30 silly addNameRange     '1.0.6',
30 silly addNameRange     '1.0.7',
30 silly addNameRange     '1.0.8',
30 silly addNameRange     '2.0.0',
30 silly addNameRange     '2.1.0',
30 silly addNameRange     '2.1.1',
30 silly addNameRange     '2.2.0',
30 silly addNameRange     '2.2.1',
30 silly addNameRange     '2.2.2',
30 silly addNameRange     '2.3.0',
30 silly addNameRange     '2.3.1',
30 silly addNameRange     '2.3.2',
30 silly addNameRange     '2.3.3',
30 silly addNameRange     '2.3.4',
30 silly addNameRange     '2.3.5',
30 silly addNameRange     '2.3.6',
30 silly addNameRange     '2.3.7',
30 silly addNameRange     '2.3.8',
30 silly addNameRange     '2.3.9',
30 silly addNameRange     '2.3.10',
30 silly addNameRange     '2.3.11',
30 silly addNameRange     '2.3.12',
30 silly addNameRange     '2.4.0',
30 silly addNameRange     '2.4.1',
30 silly addNameRange     '2.4.2',
30 silly addNameRange     '2.4.3',
30 silly addNameRange     '2.4.4',
30 silly addNameRange     '2.4.5',
30 silly addNameRange     '2.4.6',
30 silly addNameRange     '2.4.7',
30 silly addNameRange     '2.5.0',
30 silly addNameRange     '2.5.1',
30 silly addNameRange     '2.5.2',
30 silly addNameRange     '2.5.3',
30 silly addNameRange     '2.5.4',
30 silly addNameRange     '2.5.5',
30 silly addNameRange     '2.5.6',
30 silly addNameRange     '2.5.7',
30 silly addNameRange     '2.5.8',
30 silly addNameRange     '2.5.9',
30 silly addNameRange     '2.5.10',
30 silly addNameRange     '2.5.11',
30 silly addNameRange     '3.0.0',
30 silly addNameRange     '3.0.1',
30 silly addNameRange     '3.0.2',
30 silly addNameRange     '3.0.3',
30 silly addNameRange     '3.0.4',
30 silly addNameRange     '3.0.5',
30 silly addNameRange     '3.0.6',
30 silly addNameRange     '3.1.0',
30 silly addNameRange     '3.1.1',
30 silly addNameRange     '3.1.2',
30 silly addNameRange     '3.2.0',
30 silly addNameRange     '3.2.1',
30 silly addNameRange     '3.2.2',
30 silly addNameRange     '3.2.3',
30 silly addNameRange     '3.2.4',
30 silly addNameRange     '3.2.5',
30 silly addNameRange     '3.2.6',
30 silly addNameRange     '3.3.0',
30 silly addNameRange     '3.3.1',
30 silly addNameRange     '3.3.2',
30 silly addNameRange     '3.3.3',
30 silly addNameRange     '3.3.4',
30 silly addNameRange     '3.3.5',
30 silly addNameRange     '3.3.6',
30 silly addNameRange     '1.0.0-beta',
30 silly addNameRange     '1.0.0-beta2',
30 silly addNameRange     '1.0.0-rc',
30 silly addNameRange     '1.0.0-rc2',
30 silly addNameRange     '1.0.0-rc3',
30 silly addNameRange     '1.0.0-rc4',
30 silly addNameRange     '2.0.0-beta',
30 silly addNameRange     '2.0.0-beta2',
30 silly addNameRange     '2.0.0-beta3',
30 silly addNameRange     '2.0.0-rc',
30 silly addNameRange     '2.0.0-rc2',
30 silly addNameRange     '2.0.0-rc3',
30 silly addNameRange     '3.0.0-alpha1',
30 silly addNameRange     '3.0.0-alpha2',
30 silly addNameRange     '3.0.0-alpha3',
30 silly addNameRange     '3.0.0-alpha4',
30 silly addNameRange     '3.0.0-alpha5',
30 silly addNameRange     '3.0.0-beta1',
30 silly addNameRange     '3.0.0-beta2',
30 silly addNameRange     '3.0.0-beta3',
30 silly addNameRange     '3.0.0-beta4',
30 silly addNameRange     '3.0.0-beta6',
30 silly addNameRange     '3.0.0-beta7',
30 silly addNameRange     '3.0.0-rc1',
30 silly addNameRange     '3.0.0-rc2',
30 silly addNameRange     '3.0.0-rc3',
30 silly addNameRange     '3.0.0-rc4',
30 silly addNameRange     '3.0.0-rc5',
30 silly addNameRange     '3.3.7',
30 silly addNameRange     '3.3.8',
30 silly addNameRange     '3.4.0',
30 silly addNameRange     '3.4.1',
30 silly addNameRange     '3.4.2',
30 silly addNameRange     '3.4.3',
30 silly addNameRange     '3.4.4',
30 silly addNameRange     '3.4.5',
30 silly addNameRange     '3.4.6',
30 silly addNameRange     '3.4.7',
30 silly addNameRange     '3.4.8',
30 silly addNameRange     '4.0.0-rc1',
30 silly addNameRange     '4.0.0-rc2',
30 silly addNameRange     '3.5.0',
30 silly addNameRange     '4.0.0-rc3',
30 silly addNameRange     '4.0.0-rc4',
30 silly addNameRange     '3.5.1',
30 silly addNameRange     '4.0.0',
30 silly addNameRange     '3.5.2',
30 silly addNameRange     '4.1.0',
30 silly addNameRange     '4.1.1',
30 silly addNameRange     '3.5.3',
30 silly addNameRange     '4.1.2',
30 silly addNameRange     '3.6.0',
30 silly addNameRange     '4.2.0',
30 silly addNameRange     '3.7.0',
30 silly addNameRange     '3.8.0',
30 silly addNameRange     '4.3.0',
30 silly addNameRange     '4.3.1',
30 silly addNameRange     '3.8.1',
30 silly addNameRange     '4.3.2',
30 silly addNameRange     '3.9.0',
30 silly addNameRange     '4.4.0',
30 silly addNameRange     '4.4.1',
30 silly addNameRange     '3.10.0',
30 silly addNameRange     '3.10.1',
30 silly addNameRange     '3.10.2',
30 silly addNameRange     '3.10.3',
30 silly addNameRange     '3.10.4',
30 silly addNameRange     '4.4.2',
30 silly addNameRange     '3.10.5',
30 silly addNameRange     '4.4.3',
30 silly addNameRange     '3.11.0',
30 silly addNameRange     '4.4.4',
30 silly addNameRange     '3.12.0',
30 silly addNameRange     '3.12.1',
30 silly addNameRange     '4.4.5',
30 silly addNameRange     '3.13.0',
30 silly addNameRange     '4.5.0',
30 silly addNameRange     '4.5.1',
30 silly addNameRange     '3.14.0',
30 silly addNameRange     '4.6.0',
30 silly addNameRange     '4.6.1',
30 silly addNameRange     '3.15.0',
30 silly addNameRange     '4.7.0',
30 silly addNameRange     '3.15.1',
30 silly addNameRange     '4.7.1',
30 silly addNameRange     '3.15.2',
30 silly addNameRange     '4.7.2',
30 silly addNameRange     '4.7.3',
30 silly addNameRange     '3.15.3',
30 silly addNameRange     '4.7.4',
30 silly addNameRange     '3.16.0',
30 silly addNameRange     '4.8.0',
30 silly addNameRange     '3.16.1',
30 silly addNameRange     '4.8.1',
30 silly addNameRange     '3.16.2',
30 silly addNameRange     '4.8.2',
30 silly addNameRange     '3.16.3',
30 silly addNameRange     '3.16.4',
30 silly addNameRange     '4.8.3',
30 silly addNameRange     '3.16.5',
30 silly addNameRange     '3.16.6',
30 silly addNameRange     '4.8.4',
30 silly addNameRange     '3.16.7',
30 silly addNameRange     '4.8.5',
30 silly addNameRange     '3.16.8',
30 silly addNameRange     '4.8.6',
30 silly addNameRange     '3.16.9',
30 silly addNameRange     '4.8.7',
30 silly addNameRange     '3.16.10',
30 silly addNameRange     '4.8.8',
30 silly addNameRange     '3.17.0',
30 silly addNameRange     '3.17.1',
30 silly addNameRange     '4.9.0',
30 silly addNameRange     '3.17.2',
30 silly addNameRange     '4.9.1',
30 silly addNameRange     '4.9.2',
30 silly addNameRange     '3.17.3',
30 silly addNameRange     '4.9.3',
30 silly addNameRange     '3.17.4',
30 silly addNameRange     '4.9.4',
30 silly addNameRange     '3.17.5',
30 silly addNameRange     '4.9.5',
30 silly addNameRange     '3.17.6',
30 silly addNameRange     '3.17.7',
30 silly addNameRange     '4.9.6',
30 silly addNameRange     '4.9.7',
30 silly addNameRange     '3.17.8',
30 silly addNameRange     '4.9.8',
30 silly addNameRange     '3.18.0',
30 silly addNameRange     '3.18.1',
30 silly addNameRange     '4.10.0' ] ]
31 verbose addNamed [ 'express', '4.10.0' ]
32 verbose addNamed [ '4.10.0', '4.10.0' ]
33 silly lockFile 1371ef67-express-4-10-0 express@4.10.0
34 verbose lock express@4.10.0 /Users/alexcory/.npm/1371ef67-express-4-10-0.lock
35 silly lockFile 1371ef67-express-4-10-0 express@4.10.0
36 silly lockFile 1371ef67-express-4-10-0 express@4.10.0
37 silly lockFile 64a534c1-express express@
38 silly lockFile 64a534c1-express express@
39 silly resolved [ { name: 'express',
39 silly resolved     description: 'Fast, unopinionated, minimalist web framework',
39 silly resolved     version: '4.10.0',
39 silly resolved     author: { name: 'TJ Holowaychuk', email: 'tj@vision-media.ca' },
39 silly resolved     contributors:
39 silly resolved      [ [Object],
39 silly resolved        [Object],
39 silly resolved        [Object],
39 silly resolved        [Object],
39 silly resolved        [Object],
39 silly resolved        [Object],
39 silly resolved        [Object] ],
39 silly resolved     license: 'MIT',
39 silly resolved     repository: { type: 'git', url: 'https://github.com/strongloop/express' },
39 silly resolved     homepage: 'http://expressjs.com/',
39 silly resolved     keywords:
39 silly resolved      [ 'express',
39 silly resolved        'framework',
39 silly resolved        'sinatra',
39 silly resolved        'web',
39 silly resolved        'rest',
39 silly resolved        'restful',
39 silly resolved        'router',
39 silly resolved        'app',
39 silly resolved        'api' ],
39 silly resolved     dependencies:
39 silly resolved      { accepts: '~1.1.2',
39 silly resolved        'content-disposition': '0.5.0',
39 silly resolved        'cookie-signature': '1.0.5',
39 silly resolved        debug: '~2.1.0',
39 silly resolved        depd: '~1.0.0',
39 silly resolved        'escape-html': '1.0.1',
39 silly resolved        etag: '~1.5.0',
39 silly resolved        finalhandler: '0.3.2',
39 silly resolved        fresh: '0.2.4',
39 silly resolved        'media-typer': '0.3.0',
39 silly resolved        methods: '1.1.0',
39 silly resolved        'on-finished': '~2.1.1',
39 silly resolved        parseurl: '~1.3.0',
39 silly resolved        'path-to-regexp': '0.1.3',
39 silly resolved        'proxy-addr': '~1.0.3',
39 silly resolved        qs: '2.3.0',
39 silly resolved        'range-parser': '~1.0.2',
39 silly resolved        send: '0.10.1',
39 silly resolved        'serve-static': '~1.7.1',
39 silly resolved        'type-is': '~1.5.2',
39 silly resolved        vary: '~1.0.0',
39 silly resolved        cookie: '0.1.2',
39 silly resolved        'merge-descriptors': '0.0.2',
39 silly resolved        'utils-merge': '1.0.0' },
39 silly resolved     devDependencies:
39 silly resolved      { after: '0.8.1',
39 silly resolved        istanbul: '0.3.2',
39 silly resolved        mocha: '~2.0.0',
39 silly resolved        should: '~4.1.0',
39 silly resolved        supertest: '~0.14.0',
39 silly resolved        ejs: '~1.0.0',
39 silly resolved        marked: '0.3.2',
39 silly resolved        hjs: '~0.0.6',
39 silly resolved        'body-parser': '~1.9.1',
39 silly resolved        'connect-redis': '~2.1.0',
39 silly resolved        'cookie-parser': '~1.3.3',
39 silly resolved        'express-session': '~1.9.1',
39 silly resolved        jade: '~1.7.0',
39 silly resolved        'method-override': '~2.3.0',
39 silly resolved        morgan: '~1.4.1',
39 silly resolved        multiparty: '~4.0.0',
39 silly resolved        vhost: '~3.0.0' },
39 silly resolved     engines: { node: '>= 0.10.0' },
39 silly resolved     files: [ 'LICENSE', 'History.md', 'Readme.md', 'index.js', 'lib/' ],
39 silly resolved     scripts:
39 silly resolved      { test: 'mocha --require test/support/env --reporter spec --bail --check-leaks test/ test/acceptance/',
39 silly resolved        'test-cov': 'istanbul cover node_modules/mocha/bin/_mocha -- --require test/support/env --reporter dot --check-leaks test/ test/acceptance/',
39 silly resolved        'test-tap': 'mocha --require test/support/env --reporter tap --check-leaks test/ test/acceptance/',
39 silly resolved        'test-travis': 'istanbul cover node_modules/mocha/bin/_mocha --report lcovonly -- --require test/support/env --reporter spec --check-leaks test/ test/acceptance/' },
39 silly resolved     gitHead: 'd40dc651f3561a4978fdc9c40e7fc802261d99ce',
39 silly resolved     bugs: { url: 'https://github.com/strongloop/express/issues' },
39 silly resolved     _id: 'express@4.10.0',
39 silly resolved     _shasum: '52719d5a1cde4edd47b87da43b1a7c337d761a12',
39 silly resolved     _from: 'express@',
39 silly resolved     _npmVersion: '1.4.21',
39 silly resolved     _npmUser: { name: 'dougwilson', email: 'doug@somethingdoug.com' },
39 silly resolved     maintainers:
39 silly resolved      [ [Object],
39 silly resolved        [Object],
39 silly resolved        [Object],
39 silly resolved        [Object],
39 silly resolved        [Object],
39 silly resolved        [Object],
39 silly resolved        [Object] ],
39 silly resolved     dist:
39 silly resolved      { shasum: '52719d5a1cde4edd47b87da43b1a7c337d761a12',
39 silly resolved        tarball: 'http://registry.npmjs.org/express/-/express-4.10.0.tgz' },
39 silly resolved     directories: {},
39 silly resolved     _resolved: 'https://registry.npmjs.org/express/-/express-4.10.0.tgz',
39 silly resolved     readme: 'ERROR: No README data found!' } ]
40 info install express@4.10.0 into /usr/local/lib
41 info installOne express@4.10.0
42 verbose lib/node_modules/express unbuild
43 verbose tar unpack /Users/alexcory/.npm/express/4.10.0/package.tgz
44 silly lockFile 365ba7ad-r-local-lib-node-modules-express tar:///usr/local/lib/node_modules/express
45 verbose lock tar:///usr/local/lib/node_modules/express /Users/alexcory/.npm/365ba7ad-r-local-lib-node-modules-express.lock
46 silly lockFile 403bb2c2-y-npm-express-4-10-0-package-tgz tar:///Users/alexcory/.npm/express/4.10.0/package.tgz
47 verbose lock tar:///Users/alexcory/.npm/express/4.10.0/package.tgz /Users/alexcory/.npm/403bb2c2-y-npm-express-4-10-0-package-tgz.lock
48 silly gunzTarPerm modes [ '755', '644' ]
49 error Error: EACCES, mkdir '/usr/local/lib/node_modules/express'
49 error  { [Error: EACCES, mkdir '/usr/local/lib/node_modules/express']
49 error   errno: 3,
49 error   code: 'EACCES',
49 error   path: '/usr/local/lib/node_modules/express',
49 error   fstream_type: 'Directory',
49 error   fstream_path: '/usr/local/lib/node_modules/express',
49 error   fstream_class: 'DirWriter',
49 error   fstream_stack:
49 error    [ '/usr/local/lib/node_modules/npm/node_modules/fstream/lib/dir-writer.js:36:23',
49 error      '/usr/local/lib/node_modules/npm/node_modules/mkdirp/index.js:46:53',
49 error      'Object.oncomplete (fs.js:107:15)' ] }
50 error Please try running this command again as root/Administrator.
51 error System Darwin 13.4.0
52 error command "node" "/usr/local/bin/npm" "install" "-g" "express"
53 error cwd /Users/alexcory/Google Drive/_Server_/Developer/git repositories/hacklete3/config
54 error node -v v0.10.32
55 error npm -v 1.4.28
56 error path /usr/local/lib/node_modules/express
57 error fstream_path /usr/local/lib/node_modules/express
58 error fstream_type Directory
59 error fstream_class DirWriter
60 error code EACCES
61 error errno 3
62 error stack Error: EACCES, mkdir '/usr/local/lib/node_modules/express'
63 error fstream_stack /usr/local/lib/node_modules/npm/node_modules/fstream/lib/dir-writer.js:36:23
63 error fstream_stack /usr/local/lib/node_modules/npm/node_modules/mkdirp/index.js:46:53
63 error fstream_stack Object.oncomplete (fs.js:107:15)
64 verbose exit [ 3, true ]
